Loading vision model config from /root/miniconda3/lib/python3.10/site-packages/cn_clip/clip/model_configs/ViT-B-16.json
Loading text model config from /root/miniconda3/lib/python3.10/site-packages/cn_clip/clip/model_configs/RoBERTa-wwm-ext-base-chinese.json
Model info {'embed_dim': 512, 'image_resolution': 224, 'vision_layers': 12, 'vision_width': 768, 'vision_patch_size': 16, 'vocab_size': 21128, 'text_attention_probs_dropout_prob': 0.1, 'text_hidden_act': 'gelu', 'text_hidden_dropout_prob': 0.1, 'text_hidden_size': 768, 'text_initializer_range': 0.02, 'text_intermediate_size': 3072, 'text_max_position_embeddings': 512, 'text_num_attention_heads': 12, 'text_num_hidden_layers': 12, 'text_type_vocab_size': 2}
strict old-checkpoint load ok: param_model/FTmodel/checkpoints_by_seed/weibo21_seed42_parameter_panda.pkl
Loading vision model config from /root/miniconda3/lib/python3.10/site-packages/cn_clip/clip/model_configs/ViT-B-16.json
Loading text model config from /root/miniconda3/lib/python3.10/site-packages/cn_clip/clip/model_configs/RoBERTa-wwm-ext-base-chinese.json
Model info {'embed_dim': 512, 'image_resolution': 224, 'vision_layers': 12, 'vision_width': 768, 'vision_patch_size': 16, 'vocab_size': 21128, 'text_attention_probs_dropout_prob': 0.1, 'text_hidden_act': 'gelu', 'text_hidden_dropout_prob': 0.1, 'text_hidden_size': 768, 'text_initializer_range': 0.02, 'text_intermediate_size': 3072, 'text_max_position_embeddings': 512, 'text_num_attention_heads': 12, 'text_num_hidden_layers': 12, 'text_type_vocab_size': 2}
regret_soft_pad_only ok loss= 1.273695 alpha_std= 0.322783 regret= 0.0 balance= 1.49142 eff_sources= 1.015728 self_top1_ratio= 1.0
Loading vision model config from /root/miniconda3/lib/python3.10/site-packages/cn_clip/clip/model_configs/ViT-B-16.json
Loading text model config from /root/miniconda3/lib/python3.10/site-packages/cn_clip/clip/model_configs/RoBERTa-wwm-ext-base-chinese.json
Model info {'embed_dim': 512, 'image_resolution': 224, 'vision_layers': 12, 'vision_width': 768, 'vision_patch_size': 16, 'vocab_size': 21128, 'text_attention_probs_dropout_prob': 0.1, 'text_hidden_act': 'gelu', 'text_hidden_dropout_prob': 0.1, 'text_hidden_size': 768, 'text_initializer_range': 0.02, 'text_intermediate_size': 3072, 'text_max_position_embeddings': 512, 'text_num_attention_heads': 12, 'text_num_hidden_layers': 12, 'text_type_vocab_size': 2}
regret_soft_adapter_l0 ok loss= 1.335377 alpha_std= 0.322769 regret= 0.0 balance= 1.491132 eff_sources= 1.016051 self_top1_ratio= 1.0
Loading vision model config from /root/miniconda3/lib/python3.10/site-packages/cn_clip/clip/model_configs/ViT-B-16.json
Loading text model config from /root/miniconda3/lib/python3.10/site-packages/cn_clip/clip/model_configs/RoBERTa-wwm-ext-base-chinese.json
Model info {'embed_dim': 512, 'image_resolution': 224, 'vision_layers': 12, 'vision_width': 768, 'vision_patch_size': 16, 'vocab_size': 21128, 'text_attention_probs_dropout_prob': 0.1, 'text_hidden_act': 'gelu', 'text_hidden_dropout_prob': 0.1, 'text_hidden_size': 768, 'text_initializer_range': 0.02, 'text_intermediate_size': 3072, 'text_max_position_embeddings': 512, 'text_num_attention_heads': 12, 'text_num_hidden_layers': 12, 'text_type_vocab_size': 2}
regret_soft_adapter_neg ok loss= 1.335378 alpha_std= 0.322769 regret= 3.3e-05 balance= 1.491132 eff_sources= 1.016051 self_top1_ratio= 1.0
Loading vision model config from /root/miniconda3/lib/python3.10/site-packages/cn_clip/clip/model_configs/ViT-B-16.json
Loading text model config from /root/miniconda3/lib/python3.10/site-packages/cn_clip/clip/model_configs/RoBERTa-wwm-ext-base-chinese.json
Model info {'embed_dim': 512, 'image_resolution': 224, 'vision_layers': 12, 'vision_width': 768, 'vision_patch_size': 16, 'vocab_size': 21128, 'text_attention_probs_dropout_prob': 0.1, 'text_hidden_act': 'gelu', 'text_hidden_dropout_prob': 0.1, 'text_hidden_size': 768, 'text_initializer_range': 0.02, 'text_intermediate_size': 3072, 'text_max_position_embeddings': 512, 'text_num_attention_heads': 12, 'text_num_hidden_layers': 12, 'text_type_vocab_size': 2}
regret_soft_adapter_neg_reliability ok loss= 1.335379 alpha_std= 0.322769 regret= 3.3e-05 balance= 1.491129 eff_sources= 1.016054 self_top1_ratio= 1.0
